# JRE version: OpenJDK Runtime Environment Temurin-17.0.18+8 (17.0.18+8) (build 17.0.18+8)
# Java VM: OpenJDK 64-Bit Server VM Temurin-17.0.18+8 (17.0.18+8, mixed mode, sharing, tiered, compressed oops, compressed class ptrs, g1 gc, windows-amd64)
GC Precious Log:
 CPUs: 4 total, 4 available
 Memory: 8058M
 Large Page Support: Disabled
 NUMA Support: Disabled
 Compressed Oops: Enabled (Zero based)
 Heap Region Size: 2M
 Heap Min Capacity: 8M
 Heap Initial Capacity: 126M
 Heap Max Capacity: 4G
 Pre-touch: Disabled
 Parallel Workers: 4
 Concurrent Workers: 1
 Concurrent Refinement Workers: 4
 Periodic GC: Disabled
Heap:
 garbage-first heap   total 90112K, used 46012K [0x0000000700000000, 0x0000000800000000)
  region size 2048K, 9 young (18432K), 1 survivors (2048K)
 Metaspace       used 37991K, committed 38656K, reserved 917504K
  class space    used 5398K, committed 5696K, reserved 851968K
GC Heap History (20 events):
Event: 2.098 GC heap before
{Heap before GC invocations=1 (full 0):
 garbage-first heap   total 129024K, used 19607K [0x0000000700000000, 0x0000000800000000)
  region size 2048K, 9 young (18432K), 1 survivors (2048K)
 Metaspace       used 1158K, committed 1280K, reserved 917504K
  class space    used 75K, committed 128K, reserved 851968K
}
Event: 2.105 GC heap after
{Heap after GC invocations=2 (full 0):
 garbage-first heap   total 129024K, used 10078K [0x0000000700000000, 0x0000000800000000)
  region size 2048K, 2 young (4096K), 2 survivors (4096K)
 Metaspace       used 1158K, committed 1280K, reserved 917504K
  class space    used 75K, committed 128K, reserved 851968K
}
Event: 6.220 GC heap before
{Heap before GC invocations=2 (full 0):
 garbage-first heap   total 129024K, used 79710K [0x0000000700000000, 0x0000000800000000)
  region size 2048K, 37 young (75776K), 2 survivors (4096K)
 Metaspace       used 4594K, committed 4736K, reserved 917504K
  class space    used 572K, committed 640K, reserved 851968K
}
Event: 6.231 GC heap after
{Heap after GC invocations=3 (full 0):
 garbage-first heap   total 129024K, used 16707K [0x0000000700000000, 0x0000000800000000)
  region size 2048K, 5 young (10240K), 5 survivors (10240K)
 Metaspace       used 4594K, committed 4736K, reserved 917504K
  class space    used 572K, committed 640K, reserved 851968K
}
Event: 14.840 GC heap before
{Heap before GC invocations=3 (full 0):
 garbage-first heap   total 129024K, used 82243K [0x0000000700000000, 0x0000000800000000)
  region size 2048K, 37 young (75776K), 5 survivors (10240K)
 Metaspace       used 15580K, committed 15872K, reserved 917504K
  class space    used 2139K, committed 2304K, reserved 851968K
}
Event: 14.856 GC heap after
{Heap after GC invocations=4 (full 0):
 garbage-first heap   total 129024K, used 21070K [0x0000000700000000, 0x0000000800000000)
  region size 2048K, 3 young (6144K), 3 survivors (6144K)
 Metaspace       used 15580K, committed 15872K, reserved 917504K
  class space    used 2139K, committed 2304K, reserved 851968K
}
Event: 18.187 GC heap before
{Heap before GC invocations=4 (full 0):
 garbage-first heap   total 129024K, used 62030K [0x0000000700000000, 0x0000000800000000)
  region size 2048K, 25 young (51200K), 3 survivors (6144K)
 Metaspace       used 21270K, committed 21504K, reserved 917504K
  class space    used 2940K, committed 3072K, reserved 851968K
}
Event: 18.201 GC heap after
{Heap after GC invocations=5 (full 0):
 garbage-first heap   total 129024K, used 23519K [0x0000000700000000, 0x0000000800000000)
  region size 2048K, 4 young (8192K), 4 survivors (8192K)
 Metaspace       used 21270K, committed 21504K, reserved 917504K
  class space    used 2940K, committed 3072K, reserved 851968K
}
Event: 21.491 GC heap before
{Heap before GC invocations=6 (full 0):
 garbage-first heap   total 90112K, used 68575K [0x0000000700000000, 0x0000000800000000)
  region size 2048K, 26 young (53248K), 4 survivors (8192K)
 Metaspace       used 26562K, committed 26880K, reserved 917504K
  class space    used 3771K, committed 3904K, reserved 851968K
}
Event: 21.512 GC heap after
{Heap after GC invocations=7 (full 0):
 garbage-first heap   total 90112K, used 25384K [0x0000000700000000, 0x0000000800000000)
  region size 2048K, 3 young (6144K), 3 survivors (6144K)
 Metaspace       used 26562K, committed 26880K, reserved 917504K
  class space    used 3771K, committed 3904K, reserved 851968K
}
Event: 21.647 GC heap before
{Heap before GC invocations=7 (full 0):
 garbage-first heap   total 90112K, used 27432K [0x0000000700000000, 0x0000000800000000)
  region size 2048K, 4 young (8192K), 3 survivors (6144K)
 Metaspace       used 26751K, committed 27136K, reserved 917504K
  class space    used 3799K, committed 3968K, reserved 851968K
}
Event: 21.667 GC heap after
{Heap after GC invocations=8 (full 0):
 garbage-first heap   total 90112K, used 26117K [0x0000000700000000, 0x0000000800000000)
  region size 2048K, 1 young (2048K), 1 survivors (2048K)
 Metaspace       used 26751K, committed 27136K, reserved 917504K
  class space    used 3799K, committed 3968K, reserved 851968K
}
Event: 26.196 GC heap before
{Heap before GC invocations=8 (full 0):
 garbage-first heap   total 90112K, used 65029K [0x0000000700000000, 0x0000000800000000)
  region size 2048K, 21 young (43008K), 1 survivors (2048K)
 Metaspace       used 33002K, committed 33408K, reserved 917504K
  class space    used 4599K, committed 4800K, reserved 851968K
}
Event: 26.208 GC heap after
{Heap after GC invocations=9 (full 0):
 garbage-first heap   total 90112K, used 28356K [0x0000000700000000, 0x0000000800000000)
  region size 2048K, 2 young (4096K), 2 survivors (4096K)
 Metaspace       used 33002K, committed 33408K, reserved 917504K
  class space    used 4599K, committed 4800K, reserved 851968K
}
Event: 28.797 GC heap before
{Heap before GC invocations=9 (full 0):
 garbage-first heap   total 90112K, used 50884K [0x0000000700000000, 0x0000000800000000)
  region size 2048K, 14 young (28672K), 2 survivors (4096K)
 Metaspace       used 35599K, committed 36096K, reserved 917504K
  class space    used 5008K, committed 5248K, reserved 851968K
}
Event: 28.809 GC heap after
{Heap after GC invocations=10 (full 0):
 garbage-first heap   total 90112K, used 30540K [0x0000000700000000, 0x0000000800000000)
  region size 2048K, 2 young (4096K), 2 survivors (4096K)
 Metaspace       used 35599K, committed 36096K, reserved 917504K
  class space    used 5008K, committed 5248K, reserved 851968K
}
Event: 30.228 GC heap before
{Heap before GC invocations=11 (full 0):
 garbage-first heap   total 90112K, used 67404K [0x0000000700000000, 0x0000000800000000)
  region size 2048K, 20 young (40960K), 2 survivors (4096K)
 Metaspace       used 36407K, committed 37056K, reserved 917504K
  class space    used 5143K, committed 5440K, reserved 851968K
}
Event: 30.235 GC heap after
{Heap after GC invocations=12 (full 0):
 garbage-first heap   total 90112K, used 31650K [0x0000000700000000, 0x0000000800000000)
  region size 2048K, 2 young (4096K), 2 survivors (4096K)
 Metaspace       used 36407K, committed 37056K, reserved 917504K
  class space    used 5143K, committed 5440K, reserved 851968K
}
Event: 30.400 GC heap before
{Heap before GC invocations=12 (full 0):
 garbage-first heap   total 90112K, used 31650K [0x0000000700000000, 0x0000000800000000)
  region size 2048K, 3 young (6144K), 2 survivors (4096K)
 Metaspace       used 36541K, committed 37120K, reserved 917504K
  class space    used 5162K, committed 5440K, reserved 851968K
}
Event: 30.411 GC heap after
{Heap after GC invocations=13 (full 0):
 garbage-first heap   total 90112K, used 31676K [0x0000000700000000, 0x0000000800000000)
  region size 2048K, 1 young (2048K), 1 survivors (2048K)
 Metaspace       used 36541K, committed 37120K, reserved 917504K
  class space    used 5162K, committed 5440K, reserved 851968K
}

