# JRE version: OpenJDK Runtime Environment Temurin-17.0.18+8 (17.0.18+8) (build 17.0.18+8)
# Java VM: OpenJDK 64-Bit Server VM Temurin-17.0.18+8 (17.0.18+8, mixed mode, sharing, tiered, compressed oops, compressed class ptrs, g1 gc, windows-amd64)
GC Precious Log:
 CPUs: 4 total, 4 available
 Memory: 8058M
 Large Page Support: Disabled
 NUMA Support: Disabled
 Compressed Oops: Enabled (Zero based)
 Heap Region Size: 2M
 Heap Min Capacity: 8M
 Heap Initial Capacity: 126M
 Heap Max Capacity: 4G
 Pre-touch: Disabled
 Parallel Workers: 4
 Concurrent Workers: 1
 Concurrent Refinement Workers: 4
 Periodic GC: Disabled
Heap:
 garbage-first heap   total 679936K, used 573912K [0x0000000700000000, 0x0000000800000000)
  region size 2048K, 54 young (110592K), 4 survivors (8192K)
 Metaspace       used 148602K, committed 150336K, reserved 983040K
  class space    used 20327K, committed 21184K, reserved 851968K
GC Heap History (20 events):
Event: 219.068 GC heap before
{Heap before GC invocations=86 (full 0):
 garbage-first heap   total 679936K, used 419840K [0x0000000700000000, 0x0000000800000000)
  region size 2048K, 16 young (32768K), 8 survivors (16384K)
 Metaspace       used 140085K, committed 141760K, reserved 983040K
  class space    used 19329K, committed 20160K, reserved 851968K
}
Event: 219.166 GC heap after
{Heap after GC invocations=87 (full 0):
 garbage-first heap   total 679936K, used 401408K [0x0000000700000000, 0x0000000800000000)
  region size 2048K, 2 young (4096K), 2 survivors (4096K)
 Metaspace       used 140085K, committed 141760K, reserved 983040K
  class space    used 19329K, committed 20160K, reserved 851968K
}
Event: 225.060 GC heap before
{Heap before GC invocations=87 (full 0):
 garbage-first heap   total 679936K, used 503808K [0x0000000700000000, 0x0000000800000000)
  region size 2048K, 51 young (104448K), 2 survivors (4096K)
 Metaspace       used 140222K, committed 141952K, reserved 983040K
  class space    used 19337K, committed 20224K, reserved 851968K
}
Event: 225.109 GC heap after
{Heap after GC invocations=88 (full 0):
 garbage-first heap   total 679936K, used 413963K [0x0000000700000000, 0x0000000800000000)
  region size 2048K, 7 young (14336K), 7 survivors (14336K)
 Metaspace       used 140222K, committed 141952K, reserved 983040K
  class space    used 19337K, committed 20224K, reserved 851968K
}
Event: 230.633 GC heap before
{Heap before GC invocations=88 (full 0):
 garbage-first heap   total 679936K, used 520459K [0x0000000700000000, 0x0000000800000000)
  region size 2048K, 57 young (116736K), 7 survivors (14336K)
 Metaspace       used 140325K, committed 142016K, reserved 983040K
  class space    used 19341K, committed 20224K, reserved 851968K
}
Event: 230.699 GC heap after
{Heap after GC invocations=89 (full 0):
 garbage-first heap   total 679936K, used 430155K [0x0000000700000000, 0x0000000800000000)
  region size 2048K, 6 young (12288K), 6 survivors (12288K)
 Metaspace       used 140325K, committed 142016K, reserved 983040K
  class space    used 19341K, committed 20224K, reserved 851968K
}
Event: 233.517 GC heap before
{Heap before GC invocations=89 (full 0):
 garbage-first heap   total 679936K, used 534603K [0x0000000700000000, 0x0000000800000000)
  region size 2048K, 54 young (110592K), 6 survivors (12288K)
 Metaspace       used 140352K, committed 142080K, reserved 983040K
  class space    used 19341K, committed 20224K, reserved 851968K
}
Event: 233.556 GC heap after
{Heap after GC invocations=90 (full 0):
 garbage-first heap   total 679936K, used 455936K [0x0000000700000000, 0x0000000800000000)
  region size 2048K, 7 young (14336K), 7 survivors (14336K)
 Metaspace       used 140352K, committed 142080K, reserved 983040K
  class space    used 19341K, committed 20224K, reserved 851968K
}
Event: 235.394 GC heap before
{Heap before GC invocations=90 (full 0):
 garbage-first heap   total 679936K, used 554240K [0x0000000700000000, 0x0000000800000000)
  region size 2048K, 50 young (102400K), 7 survivors (14336K)
 Metaspace       used 140418K, committed 142144K, reserved 983040K
  class space    used 19341K, committed 20224K, reserved 851968K
}
Event: 235.410 GC heap after
{Heap after GC invocations=91 (full 0):
 garbage-first heap   total 679936K, used 463806K [0x0000000700000000, 0x0000000800000000)
  region size 2048K, 1 young (2048K), 1 survivors (2048K)
 Metaspace       used 140418K, committed 142144K, reserved 983040K
  class space    used 19341K, committed 20224K, reserved 851968K
}
Event: 251.562 GC heap before
{Heap before GC invocations=91 (full 0):
 garbage-first heap   total 679936K, used 568254K [0x0000000700000000, 0x0000000800000000)
  region size 2048K, 37 young (75776K), 1 survivors (2048K)
 Metaspace       used 142303K, committed 144000K, reserved 983040K
  class space    used 19583K, committed 20416K, reserved 851968K
}
Event: 251.579 GC heap after
{Heap after GC invocations=92 (full 0):
 garbage-first heap   total 679936K, used 454870K [0x0000000700000000, 0x0000000800000000)
  region size 2048K, 2 young (4096K), 2 survivors (4096K)
 Metaspace       used 142303K, committed 144000K, reserved 983040K
  class space    used 19583K, committed 20416K, reserved 851968K
}
Event: 254.550 GC heap before
{Heap before GC invocations=92 (full 0):
 garbage-first heap   total 679936K, used 563414K [0x0000000700000000, 0x0000000800000000)
  region size 2048K, 53 young (108544K), 2 survivors (4096K)
 Metaspace       used 146725K, committed 148416K, reserved 983040K
  class space    used 20144K, committed 20992K, reserved 851968K
}
Event: 254.575 GC heap after
{Heap after GC invocations=93 (full 0):
 garbage-first heap   total 679936K, used 466300K [0x0000000700000000, 0x0000000800000000)
  region size 2048K, 7 young (14336K), 7 survivors (14336K)
 Metaspace       used 146725K, committed 148416K, reserved 983040K
  class space    used 20144K, committed 20992K, reserved 851968K
}
Event: 255.458 GC heap before
{Heap before GC invocations=93 (full 0):
 garbage-first heap   total 679936K, used 566652K [0x0000000700000000, 0x0000000800000000)
  region size 2048K, 55 young (112640K), 7 survivors (14336K)
 Metaspace       used 147627K, committed 149376K, reserved 983040K
  class space    used 20227K, committed 21056K, reserved 851968K
}
Event: 255.475 GC heap after
{Heap after GC invocations=94 (full 0):
 garbage-first heap   total 679936K, used 470891K [0x0000000700000000, 0x0000000800000000)
  region size 2048K, 2 young (4096K), 2 survivors (4096K)
 Metaspace       used 147627K, committed 149376K, reserved 983040K
  class space    used 20227K, committed 21056K, reserved 851968K
}
Event: 258.525 GC heap before
{Heap before GC invocations=94 (full 0):
 garbage-first heap   total 679936K, used 571243K [0x0000000700000000, 0x0000000800000000)
  region size 2048K, 51 young (104448K), 2 survivors (4096K)
 Metaspace       used 147669K, committed 149376K, reserved 983040K
  class space    used 20228K, committed 21056K, reserved 851968K
}
Event: 258.579 GC heap after
{Heap after GC invocations=95 (full 0):
 garbage-first heap   total 679936K, used 471360K [0x0000000700000000, 0x0000000800000000)
  region size 2048K, 3 young (6144K), 3 survivors (6144K)
 Metaspace       used 147669K, committed 149376K, reserved 983040K
  class space    used 20228K, committed 21056K, reserved 851968K
}
Event: 261.764 GC heap before
{Heap before GC invocations=95 (full 0):
 garbage-first heap   total 679936K, used 575808K [0x0000000700000000, 0x0000000800000000)
  region size 2048K, 54 young (110592K), 3 survivors (6144K)
 Metaspace       used 147887K, committed 149632K, reserved 983040K
  class space    used 20258K, committed 21120K, reserved 851968K
}
Event: 261.773 GC heap after
{Heap after GC invocations=96 (full 0):
 garbage-first heap   total 679936K, used 473560K [0x0000000700000000, 0x0000000800000000)
  region size 2048K, 4 young (8192K), 4 survivors (8192K)
 Metaspace       used 147887K, committed 149632K, reserved 983040K
  class space    used 20258K, committed 21120K, reserved 851968K
}

