# JRE version: OpenJDK Runtime Environment Temurin-17.0.18+8 (17.0.18+8) (build 17.0.18+8)
# Java VM: OpenJDK 64-Bit Server VM Temurin-17.0.18+8 (17.0.18+8, mixed mode, sharing, tiered, compressed oops, compressed class ptrs, g1 gc, windows-amd64)
GC Precious Log:
 CPUs: 4 total, 4 available
 Memory: 8058M
 Large Page Support: Disabled
 NUMA Support: Disabled
 Compressed Oops: Enabled (Zero based)
 Heap Region Size: 2M
 Heap Min Capacity: 8M
 Heap Initial Capacity: 126M
 Heap Max Capacity: 4G
 Pre-touch: Disabled
 Parallel Workers: 4
 Concurrent Workers: 1
 Concurrent Refinement Workers: 4
 Periodic GC: Disabled
Heap:
 garbage-first heap   total 614400K, used 526081K [0x0000000700000000, 0x0000000800000000)
  region size 2048K, 5 young (10240K), 2 survivors (4096K)
 Metaspace       used 171923K, committed 174528K, reserved 1048576K
  class space    used 22604K, committed 23872K, reserved 851968K
GC Heap History (20 events):
Event: 789.996 GC heap before
{Heap before GC invocations=114 (full 0):
 garbage-first heap   total 614400K, used 530223K [0x0000000700000000, 0x0000000800000000)
  region size 2048K, 27 young (55296K), 4 survivors (8192K)
 Metaspace       used 170382K, committed 172864K, reserved 1048576K
  class space    used 22523K, committed 23744K, reserved 851968K
}
Event: 790.021 GC heap after
{Heap after GC invocations=115 (full 0):
 garbage-first heap   total 614400K, used 488367K [0x0000000700000000, 0x0000000800000000)
  region size 2048K, 4 young (8192K), 4 survivors (8192K)
 Metaspace       used 170382K, committed 172864K, reserved 1048576K
  class space    used 22523K, committed 23744K, reserved 851968K
}
Event: 791.794 GC heap before
{Heap before GC invocations=115 (full 0):
 garbage-first heap   total 614400K, used 535471K [0x0000000700000000, 0x0000000800000000)
  region size 2048K, 25 young (51200K), 4 survivors (8192K)
 Metaspace       used 171046K, committed 173696K, reserved 1048576K
  class space    used 22587K, committed 23872K, reserved 851968K
}
Event: 791.817 GC heap after
{Heap after GC invocations=116 (full 0):
 garbage-first heap   total 614400K, used 503314K [0x0000000700000000, 0x0000000800000000)
  region size 2048K, 4 young (8192K), 4 survivors (8192K)
 Metaspace       used 171046K, committed 173696K, reserved 1048576K
  class space    used 22587K, committed 23872K, reserved 851968K
}
Event: 792.642 GC heap before
{Heap before GC invocations=116 (full 0):
 garbage-first heap   total 614400K, used 531986K [0x0000000700000000, 0x0000000800000000)
  region size 2048K, 18 young (36864K), 4 survivors (8192K)
 Metaspace       used 171146K, committed 173760K, reserved 1048576K
  class space    used 22590K, committed 23872K, reserved 851968K
}
Event: 792.666 GC heap after
{Heap after GC invocations=117 (full 0):
 garbage-first heap   total 614400K, used 510838K [0x0000000700000000, 0x0000000800000000)
  region size 2048K, 3 young (6144K), 3 survivors (6144K)
 Metaspace       used 171146K, committed 173760K, reserved 1048576K
  class space    used 22590K, committed 23872K, reserved 851968K
}
Event: 793.123 GC heap before
{Heap before GC invocations=117 (full 0):
 garbage-first heap   total 614400K, used 535414K [0x0000000700000000, 0x0000000800000000)
  region size 2048K, 15 young (30720K), 3 survivors (6144K)
 Metaspace       used 171282K, committed 173888K, reserved 1048576K
  class space    used 22599K, committed 23872K, reserved 851968K
}
Event: 793.139 GC heap after
{Heap after GC invocations=118 (full 0):
 garbage-first heap   total 614400K, used 515235K [0x0000000700000000, 0x0000000800000000)
  region size 2048K, 2 young (4096K), 2 survivors (4096K)
 Metaspace       used 171282K, committed 173888K, reserved 1048576K
  class space    used 22599K, committed 23872K, reserved 851968K
}
Event: 794.013 GC heap before
{Heap before GC invocations=118 (full 0):
 garbage-first heap   total 614400K, used 541859K [0x0000000700000000, 0x0000000800000000)
  region size 2048K, 15 young (30720K), 2 survivors (4096K)
 Metaspace       used 171495K, committed 174144K, reserved 1048576K
  class space    used 22603K, committed 23872K, reserved 851968K
}
Event: 794.031 GC heap after
{Heap after GC invocations=119 (full 0):
 garbage-first heap   total 614400K, used 516754K [0x0000000700000000, 0x0000000800000000)
  region size 2048K, 1 young (2048K), 1 survivors (2048K)
 Metaspace       used 171495K, committed 174144K, reserved 1048576K
  class space    used 22603K, committed 23872K, reserved 851968K
}
Event: 795.644 GC heap before
{Heap before GC invocations=119 (full 0):
 garbage-first heap   total 614400K, used 545426K [0x0000000700000000, 0x0000000800000000)
  region size 2048K, 15 young (30720K), 1 survivors (2048K)
 Metaspace       used 171652K, committed 174272K, reserved 1048576K
  class space    used 22603K, committed 23872K, reserved 851968K
}
Event: 795.652 GC heap after
{Heap after GC invocations=120 (full 0):
 garbage-first heap   total 614400K, used 517442K [0x0000000700000000, 0x0000000800000000)
  region size 2048K, 2 young (4096K), 2 survivors (4096K)
 Metaspace       used 171652K, committed 174272K, reserved 1048576K
  class space    used 22603K, committed 23872K, reserved 851968K
}
Event: 796.154 GC heap before
{Heap before GC invocations=120 (full 0):
 garbage-first heap   total 614400K, used 544066K [0x0000000700000000, 0x0000000800000000)
  region size 2048K, 15 young (30720K), 2 survivors (4096K)
 Metaspace       used 171716K, committed 174336K, reserved 1048576K
  class space    used 22603K, committed 23872K, reserved 851968K
}
Event: 796.163 GC heap after
{Heap after GC invocations=121 (full 0):
 garbage-first heap   total 614400K, used 518627K [0x0000000700000000, 0x0000000800000000)
  region size 2048K, 2 young (4096K), 2 survivors (4096K)
 Metaspace       used 171716K, committed 174336K, reserved 1048576K
  class space    used 22603K, committed 23872K, reserved 851968K
}
Event: 796.795 GC heap before
{Heap before GC invocations=121 (full 0):
 garbage-first heap   total 614400K, used 545251K [0x0000000700000000, 0x0000000800000000)
  region size 2048K, 15 young (30720K), 2 survivors (4096K)
 Metaspace       used 171744K, committed 174336K, reserved 1048576K
  class space    used 22603K, committed 23872K, reserved 851968K
}
Event: 796.803 GC heap after
{Heap after GC invocations=122 (full 0):
 garbage-first heap   total 614400K, used 519852K [0x0000000700000000, 0x0000000800000000)
  region size 2048K, 2 young (4096K), 2 survivors (4096K)
 Metaspace       used 171744K, committed 174336K, reserved 1048576K
  class space    used 22603K, committed 23872K, reserved 851968K
}
Event: 797.500 GC heap before
{Heap before GC invocations=122 (full 0):
 garbage-first heap   total 614400K, used 546476K [0x0000000700000000, 0x0000000800000000)
  region size 2048K, 15 young (30720K), 2 survivors (4096K)
 Metaspace       used 171812K, committed 174400K, reserved 1048576K
  class space    used 22603K, committed 23872K, reserved 851968K
}
Event: 797.510 GC heap after
{Heap after GC invocations=123 (full 0):
 garbage-first heap   total 614400K, used 521161K [0x0000000700000000, 0x0000000800000000)
  region size 2048K, 2 young (4096K), 2 survivors (4096K)
 Metaspace       used 171812K, committed 174400K, reserved 1048576K
  class space    used 22603K, committed 23872K, reserved 851968K
}
Event: 798.691 GC heap before
{Heap before GC invocations=123 (full 0):
 garbage-first heap   total 614400K, used 547785K [0x0000000700000000, 0x0000000800000000)
  region size 2048K, 15 young (30720K), 2 survivors (4096K)
 Metaspace       used 171913K, committed 174528K, reserved 1048576K
  class space    used 22604K, committed 23872K, reserved 851968K
}
Event: 798.701 GC heap after
{Heap after GC invocations=124 (full 0):
 garbage-first heap   total 614400K, used 521985K [0x0000000700000000, 0x0000000800000000)
  region size 2048K, 2 young (4096K), 2 survivors (4096K)
 Metaspace       used 171913K, committed 174528K, reserved 1048576K
  class space    used 22604K, committed 23872K, reserved 851968K
}

